<?xml version="1.0" encoding="UTF-8"?>
<testng-results retried="4" ignored="4" total="13" passed="4" failed="1" skipped="0">
  <reporter-output>
  </reporter-output>
  <suite started-at="2024-12-26T11:57:03 IST" name="Suite" finished-at="2024-12-26T12:01:05 IST" duration-ms="241558">
    <groups>
      <group name="Group1">
        <method signature="ManageProductTestClass.verifyToCreateA_newProduct()[pri:1, instance:testClasses.ManageProductTestClass@5b38c1ec]" name="verifyToCreateA_newProduct" class="testClasses.ManageProductTestClass"/>
        <method signature="ManageUserTestClass.verifyToAdd_aNewUser()[pri:1, instance:testClasses.ManageUserTestClass@5745ca0e]" name="verifyToAdd_aNewUser" class="testClasses.ManageUserTestClass"/>
        <method signature="ManageProductTestClass.verifyToDeleteAddedProduct()[pri:2, instance:testClasses.ManageProductTestClass@5b38c1ec]" name="verifyToDeleteAddedProduct" class="testClasses.ManageProductTestClass"/>
      </group> <!-- Group1 -->
      <group name="Group2">
        <method signature="ManageProductTestClass.verifyProductsPageIsOpenWhileClickingOnListProducts()[pri:0, instance:testClasses.ManageProductTestClass@5b38c1ec]" name="verifyProductsPageIsOpenWhileClickingOnListProducts" class="testClasses.ManageProductTestClass"/>
        <method signature="ManageUserTestClass.verifyTheManageUsersPageIsOpenWhileClickingOnUsers()[pri:0, instance:testClasses.ManageUserTestClass@5745ca0e]" name="verifyTheManageUsersPageIsOpenWhileClickingOnUsers" class="testClasses.ManageUserTestClass"/>
      </group> <!-- Group2 -->
    </groups>
    <test started-at="2024-12-26T11:57:03 IST" name="Test" finished-at="2024-12-26T12:01:05 IST" duration-ms="241558">
      <class name="testClasses.ManageUserTestClass">
        <test-method is-config="true" signature="createReport()[pri:0, instance:testClasses.ManageUserTestClass@5745ca0e]" started-at="2024-12-26T11:57:03 IST" name="createReport" finished-at="2024-12-26T11:57:03 IST" duration-ms="439" status="PASS">
          <reporter-output>
          </reporter-output>
        </test-method> <!-- createReport -->
        <test-method is-config="true" signature="beforeMethod(java.lang.String)[pri:0, instance:testClasses.ManageUserTestClass@5745ca0e]" started-at="2024-12-26T11:57:03 IST" name="beforeMethod" finished-at="2024-12-26T11:57:09 IST" duration-ms="6170" status="PASS">
          <params>
            <param index="0">
              <value>
                <![CDATA[chrome]]>
              </value>
            </param>
          </params>
          <reporter-output>
          </reporter-output>
        </test-method> <!-- beforeMethod -->
        <test-method retried="true" signature="verifyTheManageUsersPageIsOpenWhileClickingOnUsers()[pri:0, instance:testClasses.ManageUserTestClass@5745ca0e]" started-at="2024-12-26T11:57:09 IST" name="verifyTheManageUsersPageIsOpenWhileClickingOnUsers" finished-at="2024-12-26T12:00:21 IST" duration-ms="191463" status="SKIP">
          <exception class="org.openqa.selenium.TimeoutException">
            <message>
              <![CDATA[java.util.concurrent.TimeoutException
Build info: version: '4.15.0', revision: '1d14b5521b'
System info: os.name: 'Windows 10', os.arch: 'amd64', os.version: '10.0', java.version: '11.0.2'
Driver info: org.openqa.selenium.chrome.ChromeDriver
Command: [9d45ace1a5aea03201c971e603a4fd4b, findElement {using=xpath, value=//span[contains(text(),'Management')]}]
Capabilities {acceptInsecureCerts: false, browserName: chrome, browserVersion: 131.0.6778.205, chrome: {chromedriverVersion: 131.0.6778.204 (52183f9e99a..., userDataDir: C:\Users\dell\AppData\Local...}, fedcm:accounts: true, goog:chromeOptions: {debuggerAddress: localhost:59867}, networkConnectionEnabled: false, pageLoadStrategy: normal, platformName: windows, proxy: Proxy(), se:cdp: ws://localhost:59867/devtoo..., se:cdpVersion: 131.0.6778.205, setWindowRect: true, strictFileInteractability: false, timeouts: {implicit: 0, pageLoad: 300000, script: 30000}, unhandledPromptBehavior: dismiss and notify, webauthn:extension:credBlob: true, webauthn:extension:largeBlob: true, webauthn:extension:minPinLength: true, webauthn:extension:prf: true, webauthn:virtualAuthenticators: true}]]>
            </message>
            <full-stacktrace>
              <![CDATA[org.openqa.selenium.TimeoutException: java.util.concurrent.TimeoutException
Build info: version: '4.15.0', revision: '1d14b5521b'
System info: os.name: 'Windows 10', os.arch: 'amd64', os.version: '10.0', java.version: '11.0.2'
Driver info: org.openqa.selenium.chrome.ChromeDriver
Command: [9d45ace1a5aea03201c971e603a4fd4b, findElement {using=xpath, value=//span[contains(text(),'Management')]}]
Capabilities {acceptInsecureCerts: false, browserName: chrome, browserVersion: 131.0.6778.205, chrome: {chromedriverVersion: 131.0.6778.204 (52183f9e99a..., userDataDir: C:\Users\dell\AppData\Local...}, fedcm:accounts: true, goog:chromeOptions: {debuggerAddress: localhost:59867}, networkConnectionEnabled: false, pageLoadStrategy: normal, platformName: windows, proxy: Proxy(), se:cdp: ws://localhost:59867/devtoo..., se:cdpVersion: 131.0.6778.205, setWindowRect: true, strictFileInteractability: false, timeouts: {implicit: 0, pageLoad: 300000, script: 30000}, unhandledPromptBehavior: dismiss and notify, webauthn:extension:credBlob: true, webauthn:extension:largeBlob: true, webauthn:extension:minPinLength: true, webauthn:extension:prf: true, webauthn:virtualAuthenticators: true}
at org.openqa.selenium.remote.http.jdk.JdkHttpClient.execute0(JdkHttpClient.java:410)
at org.openqa.selenium.remote.http.AddSeleniumUserAgent.lambda$apply$0(AddSeleniumUserAgent.java:42)
at org.openqa.selenium.remote.http.Filter.lambda$andFinally$1(Filter.java:55)
at org.openqa.selenium.remote.http.jdk.JdkHttpClient.execute(JdkHttpClient.java:366)
at org.openqa.selenium.remote.HttpCommandExecutor.execute(HttpCommandExecutor.java:188)
at org.openqa.selenium.remote.service.DriverCommandExecutor.invokeExecute(DriverCommandExecutor.java:200)
at org.openqa.selenium.remote.service.DriverCommandExecutor.execute(DriverCommandExecutor.java:175)
at org.openqa.selenium.remote.RemoteWebDriver.execute(RemoteWebDriver.java:607)
at org.openqa.selenium.remote.ElementLocation$ElementFinder$2.findElement(ElementLocation.java:165)
at org.openqa.selenium.remote.ElementLocation.findElement(ElementLocation.java:59)
at org.openqa.selenium.remote.RemoteWebDriver.findElement(RemoteWebDriver.java:364)
at org.openqa.selenium.remote.RemoteWebDriver.findElement(RemoteWebDriver.java:358)
at org.openqa.selenium.support.pagefactory.DefaultElementLocator.findElement(DefaultElementLocator.java:68)
at org.openqa.selenium.support.pagefactory.internal.LocatingElementHandler.invoke(LocatingElementHandler.java:38)
at com.sun.proxy.$Proxy16.click(Unknown Source)
at utility.GeneralUtilities.clickElement(GeneralUtilities.java:12)
at pageClasses.HomePageClass.clickUserManagementBtnInHomePage(HomePageClass.java:94)
at testClasses.ManageUserTestClass.verifyTheManageUsersPageIsOpenWhileClickingOnUsers(ManageUserTestClass.java:29)
at java.base/jdk.internal.reflect.NativeMethodAccessorImpl.invoke0(Native Method)
at java.base/jdk.internal.reflect.NativeMethodAccessorImpl.invoke(NativeMethodAccessorImpl.java:62)
at java.base/jdk.internal.reflect.DelegatingMethodAccessorImpl.invoke(DelegatingMethodAccessorImpl.java:43)
at java.base/java.lang.reflect.Method.invoke(Method.java:566)
at org.testng.internal.invokers.MethodInvocationHelper.invokeMethod(MethodInvocationHelper.java:141)
at org.testng.internal.invokers.TestInvoker.invokeMethod(TestInvoker.java:686)
at org.testng.internal.invokers.TestInvoker.invokeTestMethod(TestInvoker.java:230)
at org.testng.internal.invokers.MethodRunner.runInSequence(MethodRunner.java:63)
at org.testng.internal.invokers.TestInvoker$MethodInvocationAgent.invoke(TestInvoker.java:992)
at org.testng.internal.invokers.TestInvoker.invokeTestMethods(TestInvoker.java:203)
at org.testng.internal.invokers.TestMethodWorker.invokeTestMethods(TestMethodWorker.java:154)
at org.testng.internal.invokers.TestMethodWorker.run(TestMethodWorker.java:134)
at java.base/java.util.concurrent.Executors$RunnableAdapter.call(Executors.java:515)
at java.base/java.util.concurrent.FutureTask.run(FutureTask.java:264)
at org.testng.internal.thread.graph.TestNGFutureTask.run(TestNGFutureTask.java:22)
at java.base/java.util.concurrent.ThreadPoolExecutor.runWorker(ThreadPoolExecutor.java:1128)
at java.base/java.util.concurrent.ThreadPoolExecutor$Worker.run(ThreadPoolExecutor.java:628)
at java.base/java.lang.Thread.run(Thread.java:834)
Caused by: java.util.concurrent.TimeoutException
at java.base/java.util.concurrent.CompletableFuture.timedGet(CompletableFuture.java:1886)
at java.base/java.util.concurrent.CompletableFuture.get(CompletableFuture.java:2021)
at org.openqa.selenium.remote.http.jdk.JdkHttpClient.execute0(JdkHttpClient.java:393)
... 35 more
]]>
            </full-stacktrace>
          </exception> <!-- org.openqa.selenium.TimeoutException -->
          <reporter-output>
          </reporter-output>
        </test-method> <!-- verifyTheManageUsersPageIsOpenWhileClickingOnUsers -->
        <test-method is-config="true" signature="afterMethod()[pri:0, instance:testClasses.ManageUserTestClass@5745ca0e]" started-at="2024-12-26T12:00:21 IST" name="afterMethod" finished-at="2024-12-26T12:00:21 IST" duration-ms="1" status="PASS">
          <reporter-output>
          </reporter-output>
        </test-method> <!-- afterMethod -->
        <test-method is-config="true" signature="beforeMethod(java.lang.String)[pri:0, instance:testClasses.ManageUserTestClass@5745ca0e]" started-at="2024-12-26T12:00:21 IST" name="beforeMethod" finished-at="2024-12-26T12:00:24 IST" duration-ms="3208" status="PASS">
          <params>
            <param index="0">
              <value>
                <![CDATA[chrome]]>
              </value>
            </param>
          </params>
          <reporter-output>
          </reporter-output>
        </test-method> <!-- beforeMethod -->
        <test-method retried="true" signature="verifyTheManageUsersPageIsOpenWhileClickingOnUsers()[pri:0, instance:testClasses.ManageUserTestClass@5745ca0e]" started-at="2024-12-26T12:00:24 IST" name="verifyTheManageUsersPageIsOpenWhileClickingOnUsers" finished-at="2024-12-26T12:00:29 IST" duration-ms="5254" status="SKIP">
          <exception class="java.lang.AssertionError">
            <message>
              <![CDATA[expected [true] but found [false]]]>
            </message>
            <full-stacktrace>
              <![CDATA[java.lang.AssertionError: expected [true] but found [false]
at org.testng.Assert.fail(Assert.java:111)
at org.testng.Assert.failNotEquals(Assert.java:1578)
at org.testng.Assert.assertTrue(Assert.java:57)
at org.testng.Assert.assertTrue(Assert.java:67)
at testClasses.ManageUserTestClass.verifyTheManageUsersPageIsOpenWhileClickingOnUsers(ManageUserTestClass.java:33)
at java.base/jdk.internal.reflect.NativeMethodAccessorImpl.invoke0(Native Method)
at java.base/jdk.internal.reflect.NativeMethodAccessorImpl.invoke(NativeMethodAccessorImpl.java:62)
at java.base/jdk.internal.reflect.DelegatingMethodAccessorImpl.invoke(DelegatingMethodAccessorImpl.java:43)
at java.base/java.lang.reflect.Method.invoke(Method.java:566)
at org.testng.internal.invokers.MethodInvocationHelper.invokeMethod(MethodInvocationHelper.java:141)
at org.testng.internal.invokers.TestInvoker.invokeMethod(TestInvoker.java:686)
at org.testng.internal.invokers.TestInvoker.retryFailed(TestInvoker.java:269)
at org.testng.internal.invokers.MethodRunner.runInSequence(MethodRunner.java:76)
at org.testng.internal.invokers.TestInvoker$MethodInvocationAgent.invoke(TestInvoker.java:992)
at org.testng.internal.invokers.TestInvoker.invokeTestMethods(TestInvoker.java:203)
at org.testng.internal.invokers.TestMethodWorker.invokeTestMethods(TestMethodWorker.java:154)
at org.testng.internal.invokers.TestMethodWorker.run(TestMethodWorker.java:134)
at java.base/java.util.concurrent.Executors$RunnableAdapter.call(Executors.java:515)
at java.base/java.util.concurrent.FutureTask.run(FutureTask.java:264)
at org.testng.internal.thread.graph.TestNGFutureTask.run(TestNGFutureTask.java:22)
at java.base/java.util.concurrent.ThreadPoolExecutor.runWorker(ThreadPoolExecutor.java:1128)
at java.base/java.util.concurrent.ThreadPoolExecutor$Worker.run(ThreadPoolExecutor.java:628)
at java.base/java.lang.Thread.run(Thread.java:834)
]]>
            </full-stacktrace>
          </exception> <!-- java.lang.AssertionError -->
          <reporter-output>
          </reporter-output>
        </test-method> <!-- verifyTheManageUsersPageIsOpenWhileClickingOnUsers -->
        <test-method is-config="true" signature="afterMethod()[pri:0, instance:testClasses.ManageUserTestClass@5745ca0e]" started-at="2024-12-26T12:00:29 IST" name="afterMethod" finished-at="2024-12-26T12:00:30 IST" duration-ms="932" status="PASS">
          <reporter-output>
          </reporter-output>
        </test-method> <!-- afterMethod -->
        <test-method is-config="true" signature="beforeMethod(java.lang.String)[pri:0, instance:testClasses.ManageUserTestClass@5745ca0e]" started-at="2024-12-26T12:00:30 IST" name="beforeMethod" finished-at="2024-12-26T12:00:33 IST" duration-ms="3348" status="PASS">
          <params>
            <param index="0">
              <value>
                <![CDATA[chrome]]>
              </value>
            </param>
          </params>
          <reporter-output>
          </reporter-output>
        </test-method> <!-- beforeMethod -->
        <test-method retried="true" signature="verifyTheManageUsersPageIsOpenWhileClickingOnUsers()[pri:0, instance:testClasses.ManageUserTestClass@5745ca0e]" started-at="2024-12-26T12:00:33 IST" name="verifyTheManageUsersPageIsOpenWhileClickingOnUsers" finished-at="2024-12-26T12:00:39 IST" duration-ms="5164" status="SKIP">
          <exception class="java.lang.AssertionError">
            <message>
              <![CDATA[expected [true] but found [false]]]>
            </message>
            <full-stacktrace>
              <![CDATA[java.lang.AssertionError: expected [true] but found [false]
at org.testng.Assert.fail(Assert.java:111)
at org.testng.Assert.failNotEquals(Assert.java:1578)
at org.testng.Assert.assertTrue(Assert.java:57)
at org.testng.Assert.assertTrue(Assert.java:67)
at testClasses.ManageUserTestClass.verifyTheManageUsersPageIsOpenWhileClickingOnUsers(ManageUserTestClass.java:33)
at java.base/jdk.internal.reflect.NativeMethodAccessorImpl.invoke0(Native Method)
at java.base/jdk.internal.reflect.NativeMethodAccessorImpl.invoke(NativeMethodAccessorImpl.java:62)
at java.base/jdk.internal.reflect.DelegatingMethodAccessorImpl.invoke(DelegatingMethodAccessorImpl.java:43)
at java.base/java.lang.reflect.Method.invoke(Method.java:566)
at org.testng.internal.invokers.MethodInvocationHelper.invokeMethod(MethodInvocationHelper.java:141)
at org.testng.internal.invokers.TestInvoker.invokeMethod(TestInvoker.java:686)
at org.testng.internal.invokers.TestInvoker.retryFailed(TestInvoker.java:269)
at org.testng.internal.invokers.MethodRunner.runInSequence(MethodRunner.java:76)
at org.testng.internal.invokers.TestInvoker$MethodInvocationAgent.invoke(TestInvoker.java:992)
at org.testng.internal.invokers.TestInvoker.invokeTestMethods(TestInvoker.java:203)
at org.testng.internal.invokers.TestMethodWorker.invokeTestMethods(TestMethodWorker.java:154)
at org.testng.internal.invokers.TestMethodWorker.run(TestMethodWorker.java:134)
at java.base/java.util.concurrent.Executors$RunnableAdapter.call(Executors.java:515)
at java.base/java.util.concurrent.FutureTask.run(FutureTask.java:264)
at org.testng.internal.thread.graph.TestNGFutureTask.run(TestNGFutureTask.java:22)
at java.base/java.util.concurrent.ThreadPoolExecutor.runWorker(ThreadPoolExecutor.java:1128)
at java.base/java.util.concurrent.ThreadPoolExecutor$Worker.run(ThreadPoolExecutor.java:628)
at java.base/java.lang.Thread.run(Thread.java:834)
]]>
            </full-stacktrace>
          </exception> <!-- java.lang.AssertionError -->
          <reporter-output>
          </reporter-output>
        </test-method> <!-- verifyTheManageUsersPageIsOpenWhileClickingOnUsers -->
        <test-method is-config="true" signature="afterMethod()[pri:0, instance:testClasses.ManageUserTestClass@5745ca0e]" started-at="2024-12-26T12:00:39 IST" name="afterMethod" finished-at="2024-12-26T12:00:40 IST" duration-ms="889" status="PASS">
          <reporter-output>
          </reporter-output>
        </test-method> <!-- afterMethod -->
        <test-method is-config="true" signature="beforeMethod(java.lang.String)[pri:0, instance:testClasses.ManageUserTestClass@5745ca0e]" started-at="2024-12-26T12:00:40 IST" name="beforeMethod" finished-at="2024-12-26T12:00:43 IST" duration-ms="2978" status="PASS">
          <params>
            <param index="0">
              <value>
                <![CDATA[chrome]]>
              </value>
            </param>
          </params>
          <reporter-output>
          </reporter-output>
        </test-method> <!-- beforeMethod -->
        <test-method signature="verifyTheManageUsersPageIsOpenWhileClickingOnUsers()[pri:0, instance:testClasses.ManageUserTestClass@5745ca0e]" started-at="2024-12-26T12:00:43 IST" name="verifyTheManageUsersPageIsOpenWhileClickingOnUsers" finished-at="2024-12-26T12:00:48 IST" duration-ms="5167" status="FAIL">
          <exception class="java.lang.AssertionError">
            <message>
              <![CDATA[expected [true] but found [false]]]>
            </message>
            <full-stacktrace>
              <![CDATA[java.lang.AssertionError: expected [true] but found [false]
at org.testng.Assert.fail(Assert.java:111)
at org.testng.Assert.failNotEquals(Assert.java:1578)
at org.testng.Assert.assertTrue(Assert.java:57)
at org.testng.Assert.assertTrue(Assert.java:67)
at testClasses.ManageUserTestClass.verifyTheManageUsersPageIsOpenWhileClickingOnUsers(ManageUserTestClass.java:33)
at java.base/jdk.internal.reflect.NativeMethodAccessorImpl.invoke0(Native Method)
at java.base/jdk.internal.reflect.NativeMethodAccessorImpl.invoke(NativeMethodAccessorImpl.java:62)
at java.base/jdk.internal.reflect.DelegatingMethodAccessorImpl.invoke(DelegatingMethodAccessorImpl.java:43)
at java.base/java.lang.reflect.Method.invoke(Method.java:566)
at org.testng.internal.invokers.MethodInvocationHelper.invokeMethod(MethodInvocationHelper.java:141)
at org.testng.internal.invokers.TestInvoker.invokeMethod(TestInvoker.java:686)
at org.testng.internal.invokers.TestInvoker.retryFailed(TestInvoker.java:269)
at org.testng.internal.invokers.MethodRunner.runInSequence(MethodRunner.java:76)
at org.testng.internal.invokers.TestInvoker$MethodInvocationAgent.invoke(TestInvoker.java:992)
at org.testng.internal.invokers.TestInvoker.invokeTestMethods(TestInvoker.java:203)
at org.testng.internal.invokers.TestMethodWorker.invokeTestMethods(TestMethodWorker.java:154)
at org.testng.internal.invokers.TestMethodWorker.run(TestMethodWorker.java:134)
at java.base/java.util.concurrent.Executors$RunnableAdapter.call(Executors.java:515)
at java.base/java.util.concurrent.FutureTask.run(FutureTask.java:264)
at org.testng.internal.thread.graph.TestNGFutureTask.run(TestNGFutureTask.java:22)
at java.base/java.util.concurrent.ThreadPoolExecutor.runWorker(ThreadPoolExecutor.java:1128)
at java.base/java.util.concurrent.ThreadPoolExecutor$Worker.run(ThreadPoolExecutor.java:628)
at java.base/java.lang.Thread.run(Thread.java:834)
]]>
            </full-stacktrace>
          </exception> <!-- java.lang.AssertionError -->
          <reporter-output>
          </reporter-output>
        </test-method> <!-- verifyTheManageUsersPageIsOpenWhileClickingOnUsers -->
        <test-method is-config="true" signature="afterMethod()[pri:0, instance:testClasses.ManageUserTestClass@5745ca0e]" started-at="2024-12-26T12:00:48 IST" name="afterMethod" finished-at="2024-12-26T12:00:49 IST" duration-ms="836" status="PASS">
          <reporter-output>
          </reporter-output>
        </test-method> <!-- afterMethod -->
        <test-method is-config="true" signature="beforeMethod(java.lang.String)[pri:0, instance:testClasses.ManageUserTestClass@5745ca0e]" started-at="2024-12-26T12:00:49 IST" name="beforeMethod" finished-at="2024-12-26T12:00:51 IST" duration-ms="2773" status="PASS">
          <params>
            <param index="0">
              <value>
                <![CDATA[chrome]]>
              </value>
            </param>
          </params>
          <reporter-output>
          </reporter-output>
        </test-method> <!-- beforeMethod -->
        <test-method signature="verifyToAdd_aNewUser()[pri:1, instance:testClasses.ManageUserTestClass@5745ca0e]" started-at="2024-12-26T12:00:51 IST" name="verifyToAdd_aNewUser" finished-at="2024-12-26T12:01:03 IST" duration-ms="12012" status="PASS">
          <reporter-output>
          </reporter-output>
        </test-method> <!-- verifyToAdd_aNewUser -->
        <test-method is-config="true" signature="afterMethod()[pri:0, instance:testClasses.ManageUserTestClass@5745ca0e]" started-at="2024-12-26T12:01:03 IST" name="afterMethod" finished-at="2024-12-26T12:01:05 IST" duration-ms="1221" status="PASS">
          <reporter-output>
          </reporter-output>
        </test-method> <!-- afterMethod -->
      </class> <!-- testClasses.ManageUserTestClass -->
      <class name="testClasses.ManageProductTestClass">
        <test-method is-config="true" signature="beforeMethod(java.lang.String)[pri:0, instance:testClasses.ManageProductTestClass@5b38c1ec]" started-at="2024-12-26T11:57:03 IST" name="beforeMethod" finished-at="2024-12-26T11:57:09 IST" duration-ms="6141" status="PASS">
          <params>
            <param index="0">
              <value>
                <![CDATA[chrome]]>
              </value>
            </param>
          </params>
          <reporter-output>
          </reporter-output>
        </test-method> <!-- beforeMethod -->
        <test-method retried="true" signature="verifyProductsPageIsOpenWhileClickingOnListProducts()[pri:0, instance:testClasses.ManageProductTestClass@5b38c1ec]" started-at="2024-12-26T11:57:09 IST" name="verifyProductsPageIsOpenWhileClickingOnListProducts" finished-at="2024-12-26T11:57:11 IST" duration-ms="1408" status="SKIP">
          <exception class="org.openqa.selenium.StaleElementReferenceException">
            <message>
              <![CDATA[stale element reference: stale element not found
  (Session info: chrome=131.0.6778.205)
For documentation on this error, please visit: https://www.selenium.dev/documentation/webdriver/troubleshooting/errors#stale-element-reference-exception
Build info: version: '4.15.0', revision: '1d14b5521b'
System info: os.name: 'Windows 10', os.arch: 'amd64', os.version: '10.0', java.version: '11.0.2'
Driver info: org.openqa.selenium.chrome.ChromeDriver
Command: [9d45ace1a5aea03201c971e603a4fd4b, clickElement {id=f.E09BA3C239B514D812E65479EB233B1F.d.D2BFC021D31FFB6DDCAB2E1AF7743795.e.9}]
Capabilities {acceptInsecureCerts: false, browserName: chrome, browserVersion: 131.0.6778.205, chrome: {chromedriverVersion: 131.0.6778.204 (52183f9e99a..., userDataDir: C:\Users\dell\AppData\Local...}, fedcm:accounts: true, goog:chromeOptions: {debuggerAddress: localhost:59867}, networkConnectionEnabled: false, pageLoadStrategy: normal, platformName: windows, proxy: Proxy(), se:cdp: ws://localhost:59867/devtoo..., se:cdpVersion: 131.0.6778.205, setWindowRect: true, strictFileInteractability: false, timeouts: {implicit: 0, pageLoad: 300000, script: 30000}, unhandledPromptBehavior: dismiss and notify, webauthn:extension:credBlob: true, webauthn:extension:largeBlob: true, webauthn:extension:minPinLength: true, webauthn:extension:prf: true, webauthn:virtualAuthenticators: true}
Element: [[ChromeDriver: chrome on windows (9d45ace1a5aea03201c971e603a4fd4b)] -> xpath: //button[@type='submit']]
Session ID: 9d45ace1a5aea03201c971e603a4fd4b]]>
            </message>
            <full-stacktrace>
              <![CDATA[org.openqa.selenium.StaleElementReferenceException: stale element reference: stale element not found
  (Session info: chrome=131.0.6778.205)
For documentation on this error, please visit: https://www.selenium.dev/documentation/webdriver/troubleshooting/errors#stale-element-reference-exception
Build info: version: '4.15.0', revision: '1d14b5521b'
System info: os.name: 'Windows 10', os.arch: 'amd64', os.version: '10.0', java.version: '11.0.2'
Driver info: org.openqa.selenium.chrome.ChromeDriver
Command: [9d45ace1a5aea03201c971e603a4fd4b, clickElement {id=f.E09BA3C239B514D812E65479EB233B1F.d.D2BFC021D31FFB6DDCAB2E1AF7743795.e.9}]
Capabilities {acceptInsecureCerts: false, browserName: chrome, browserVersion: 131.0.6778.205, chrome: {chromedriverVersion: 131.0.6778.204 (52183f9e99a..., userDataDir: C:\Users\dell\AppData\Local...}, fedcm:accounts: true, goog:chromeOptions: {debuggerAddress: localhost:59867}, networkConnectionEnabled: false, pageLoadStrategy: normal, platformName: windows, proxy: Proxy(), se:cdp: ws://localhost:59867/devtoo..., se:cdpVersion: 131.0.6778.205, setWindowRect: true, strictFileInteractability: false, timeouts: {implicit: 0, pageLoad: 300000, script: 30000}, unhandledPromptBehavior: dismiss and notify, webauthn:extension:credBlob: true, webauthn:extension:largeBlob: true, webauthn:extension:minPinLength: true, webauthn:extension:prf: true, webauthn:virtualAuthenticators: true}
Element: [[ChromeDriver: chrome on windows (9d45ace1a5aea03201c971e603a4fd4b)] -> xpath: //button[@type='submit']]
Session ID: 9d45ace1a5aea03201c971e603a4fd4b
at java.base/jdk.internal.reflect.NativeConstructorAccessorImpl.newInstance0(Native Method)
at java.base/jdk.internal.reflect.NativeConstructorAccessorImpl.newInstance(NativeConstructorAccessorImpl.java:62)
at java.base/jdk.internal.reflect.DelegatingConstructorAccessorImpl.newInstance(DelegatingConstructorAccessorImpl.java:45)
at java.base/java.lang.reflect.Constructor.newInstance(Constructor.java:490)
at org.openqa.selenium.remote.codec.w3c.W3CHttpResponseCodec.createException(W3CHttpResponseCodec.java:200)
at org.openqa.selenium.remote.codec.w3c.W3CHttpResponseCodec.decode(W3CHttpResponseCodec.java:133)
at org.openqa.selenium.remote.codec.w3c.W3CHttpResponseCodec.decode(W3CHttpResponseCodec.java:52)
at org.openqa.selenium.remote.HttpCommandExecutor.execute(HttpCommandExecutor.java:191)
at org.openqa.selenium.remote.service.DriverCommandExecutor.invokeExecute(DriverCommandExecutor.java:200)
at org.openqa.selenium.remote.service.DriverCommandExecutor.execute(DriverCommandExecutor.java:175)
at org.openqa.selenium.remote.RemoteWebDriver.execute(RemoteWebDriver.java:607)
at org.openqa.selenium.remote.RemoteWebElement.execute(RemoteWebElement.java:224)
at org.openqa.selenium.remote.RemoteWebElement.click(RemoteWebElement.java:77)
at java.base/jdk.internal.reflect.NativeMethodAccessorImpl.invoke0(Native Method)
at java.base/jdk.internal.reflect.NativeMethodAccessorImpl.invoke(NativeMethodAccessorImpl.java:62)
at java.base/jdk.internal.reflect.DelegatingMethodAccessorImpl.invoke(DelegatingMethodAccessorImpl.java:43)
at java.base/java.lang.reflect.Method.invoke(Method.java:566)
at org.openqa.selenium.support.pagefactory.internal.LocatingElementHandler.invoke(LocatingElementHandler.java:51)
at com.sun.proxy.$Proxy16.click(Unknown Source)
at utility.GeneralUtilities.clickElement(GeneralUtilities.java:12)
at pageClasses.LoginPageClass.login(LoginPageClass.java:45)
at testClasses.ManageProductTestClass.verifyProductsPageIsOpenWhileClickingOnListProducts(ManageProductTestClass.java:27)
at java.base/jdk.internal.reflect.NativeMethodAccessorImpl.invoke0(Native Method)
at java.base/jdk.internal.reflect.NativeMethodAccessorImpl.invoke(NativeMethodAccessorImpl.java:62)
at java.base/jdk.internal.reflect.DelegatingMethodAccessorImpl.invoke(DelegatingMethodAccessorImpl.java:43)
at java.base/java.lang.reflect.Method.invoke(Method.java:566)
at org.testng.internal.invokers.MethodInvocationHelper.invokeMethod(MethodInvocationHelper.java:141)
at org.testng.internal.invokers.TestInvoker.invokeMethod(TestInvoker.java:686)
at org.testng.internal.invokers.TestInvoker.invokeTestMethod(TestInvoker.java:230)
at org.testng.internal.invokers.MethodRunner.runInSequence(MethodRunner.java:63)
at org.testng.internal.invokers.TestInvoker$MethodInvocationAgent.invoke(TestInvoker.java:992)
at org.testng.internal.invokers.TestInvoker.invokeTestMethods(TestInvoker.java:203)
at org.testng.internal.invokers.TestMethodWorker.invokeTestMethods(TestMethodWorker.java:154)
at org.testng.internal.invokers.TestMethodWorker.run(TestMethodWorker.java:134)
at java.base/java.util.concurrent.Executors$RunnableAdapter.call(Executors.java:515)
at java.base/java.util.concurrent.FutureTask.run(FutureTask.java:264)
at org.testng.internal.thread.graph.TestNGFutureTask.run(TestNGFutureTask.java:22)
at java.base/java.util.concurrent.ThreadPoolExecutor.runWorker(ThreadPoolExecutor.java:1128)
at java.base/java.util.concurrent.ThreadPoolExecutor$Worker.run(ThreadPoolExecutor.java:628)
at java.base/java.lang.Thread.run(Thread.java:834)
]]>
            </full-stacktrace>
          </exception> <!-- org.openqa.selenium.StaleElementReferenceException -->
          <reporter-output>
          </reporter-output>
        </test-method> <!-- verifyProductsPageIsOpenWhileClickingOnListProducts -->
        <test-method is-config="true" signature="afterMethod()[pri:0, instance:testClasses.ManageProductTestClass@5b38c1ec]" started-at="2024-12-26T11:57:11 IST" name="afterMethod" finished-at="2024-12-26T11:57:22 IST" duration-ms="11252" status="PASS">
          <reporter-output>
          </reporter-output>
        </test-method> <!-- afterMethod -->
        <test-method is-config="true" signature="beforeMethod(java.lang.String)[pri:0, instance:testClasses.ManageProductTestClass@5b38c1ec]" started-at="2024-12-26T11:57:22 IST" name="beforeMethod" finished-at="2024-12-26T11:57:25 IST" duration-ms="3103" status="PASS">
          <params>
            <param index="0">
              <value>
                <![CDATA[chrome]]>
              </value>
            </param>
          </params>
          <reporter-output>
          </reporter-output>
        </test-method> <!-- beforeMethod -->
        <test-method signature="verifyProductsPageIsOpenWhileClickingOnListProducts()[pri:0, instance:testClasses.ManageProductTestClass@5b38c1ec]" started-at="2024-12-26T11:57:25 IST" name="verifyProductsPageIsOpenWhileClickingOnListProducts" finished-at="2024-12-26T11:57:33 IST" duration-ms="8329" status="PASS">
          <reporter-output>
          </reporter-output>
        </test-method> <!-- verifyProductsPageIsOpenWhileClickingOnListProducts -->
        <test-method is-config="true" signature="afterMethod()[pri:0, instance:testClasses.ManageProductTestClass@5b38c1ec]" started-at="2024-12-26T11:57:33 IST" name="afterMethod" finished-at="2024-12-26T11:57:34 IST" duration-ms="1065" status="PASS">
          <reporter-output>
          </reporter-output>
        </test-method> <!-- afterMethod -->
        <test-method is-config="true" signature="beforeMethod(java.lang.String)[pri:0, instance:testClasses.ManageProductTestClass@5b38c1ec]" started-at="2024-12-26T11:57:34 IST" name="beforeMethod" finished-at="2024-12-26T11:57:38 IST" duration-ms="3978" status="PASS">
          <params>
            <param index="0">
              <value>
                <![CDATA[chrome]]>
              </value>
            </param>
          </params>
          <reporter-output>
          </reporter-output>
        </test-method> <!-- beforeMethod -->
        <test-method signature="verifyToCreateA_newProduct()[pri:1, instance:testClasses.ManageProductTestClass@5b38c1ec]" started-at="2024-12-26T11:57:38 IST" name="verifyToCreateA_newProduct" finished-at="2024-12-26T11:57:51 IST" duration-ms="12289" status="PASS">
          <reporter-output>
          </reporter-output>
        </test-method> <!-- verifyToCreateA_newProduct -->
        <test-method is-config="true" signature="afterMethod()[pri:0, instance:testClasses.ManageProductTestClass@5b38c1ec]" started-at="2024-12-26T11:57:51 IST" name="afterMethod" finished-at="2024-12-26T11:57:52 IST" duration-ms="1038" status="PASS">
          <reporter-output>
          </reporter-output>
        </test-method> <!-- afterMethod -->
        <test-method is-config="true" signature="beforeMethod(java.lang.String)[pri:0, instance:testClasses.ManageProductTestClass@5b38c1ec]" started-at="2024-12-26T11:57:52 IST" name="beforeMethod" finished-at="2024-12-26T11:57:55 IST" duration-ms="2959" status="PASS">
          <params>
            <param index="0">
              <value>
                <![CDATA[chrome]]>
              </value>
            </param>
          </params>
          <reporter-output>
          </reporter-output>
        </test-method> <!-- beforeMethod -->
        <test-method signature="verifyToDeleteAddedProduct()[pri:2, instance:testClasses.ManageProductTestClass@5b38c1ec]" started-at="2024-12-26T11:57:55 IST" name="verifyToDeleteAddedProduct" finished-at="2024-12-26T11:58:08 IST" duration-ms="13205" status="PASS">
          <reporter-output>
          </reporter-output>
        </test-method> <!-- verifyToDeleteAddedProduct -->
        <test-method is-config="true" signature="afterMethod()[pri:0, instance:testClasses.ManageProductTestClass@5b38c1ec]" started-at="2024-12-26T11:58:08 IST" name="afterMethod" finished-at="2024-12-26T11:58:09 IST" duration-ms="1029" status="PASS">
          <reporter-output>
          </reporter-output>
        </test-method> <!-- afterMethod -->
      </class> <!-- testClasses.ManageProductTestClass -->
    </test> <!-- Test -->
  </suite> <!-- Suite -->
</testng-results>
