<?xml version="1.0" encoding="UTF-8"?>
<!-- Generated by org.testng.reporters.JUnitXMLReporter -->
<testsuite ignored="0" hostname="DESKTOP-4FFBNMC" failures="0" tests="2" name="ChromeTest" time="0.077" errors="0" timestamp="2024-12-24T18:42:00 IST">
  <testcase classname="testClasses.BaseClass" name="@BeforeSuite createReport" time="-1.735045920639E9">
    <failure type="org.testng.TestNGException" message="
Native Injection is NOT supported for @BeforeSuite annotated createReport.
For more information on native dependency injection please refer to https://testng.org/#_dependency_injection">
      <![CDATA[org.testng.TestNGException: 
Native Injection is NOT supported for @BeforeSuite annotated createReport.
For more information on native dependency injection please refer to https://testng.org/#_dependency_injection
... Removed 16 stack frames]]>
    </failure>
  </testcase> <!-- @BeforeSuite createReport -->
  <testcase classname="testClasses.BaseClass" name="@BeforeMethod beforeMethod" time="0.0">
    <skipped/>
  </testcase> <!-- @BeforeMethod beforeMethod -->
  <testcase classname="testClasses.BaseClass" name="@BeforeMethod beforeMethod" time="0.0">
    <skipped/>
  </testcase> <!-- @BeforeMethod beforeMethod -->
  <testcase classname="testClasses.BaseClass" name="@AfterMethod afterMethod" time="0.0">
    <skipped/>
  </testcase> <!-- @AfterMethod afterMethod -->
  <testcase classname="testClasses.BaseClass" name="@AfterMethod afterMethod" time="0.0">
    <skipped/>
  </testcase> <!-- @AfterMethod afterMethod -->
  <testcase classname="testClasses.BaseClass" name="@BeforeMethod beforeMethod" time="0.0">
    <skipped/>
  </testcase> <!-- @BeforeMethod beforeMethod -->
  <testcase classname="testClasses.BaseClass" name="@BeforeMethod beforeMethod" time="0.0">
    <skipped/>
  </testcase> <!-- @BeforeMethod beforeMethod -->
  <testcase classname="testClasses.BaseClass" name="@AfterMethod afterMethod" time="0.0">
    <skipped/>
  </testcase> <!-- @AfterMethod afterMethod -->
  <testcase classname="testClasses.BaseClass" name="@AfterMethod afterMethod" time="0.0">
    <skipped/>
  </testcase> <!-- @AfterMethod afterMethod -->
  <testcase classname="testClasses.ManageUserTestClass" name="verifyTheManageUsersPageIsOpenWhileClickingOnUsers" time="0.0">
    <skipped/>
  </testcase> <!-- verifyTheManageUsersPageIsOpenWhileClickingOnUsers -->
  <testcase classname="testClasses.ManageUserTestClass" name="verifyToAdd_aNewUser" time="0.0">
    <skipped/>
  </testcase> <!-- verifyToAdd_aNewUser -->
</testsuite> <!-- ChromeTest -->
